<?xml version="1.0" encoding="UTF-8"?>
<Site BuildName="Linux-g++-11"
	BuildStamp="20220516-1716-Experimental"
	Name="Siel"
	Generator="ctest-3.16.3"
	CompilerName="/usr/bin/g++-11"
	CompilerVersion="11.1.0"
	OSName="Linux"
	Hostname="Siel"
	OSRelease="5.10.16.3-microsoft-standard-WSL2"
	OSVersion="#1 SMP Fri Apr 2 22:23:49 UTC 2021"
	OSPlatform="x86_64"
	Is64Bits="1"
	VendorString="AuthenticAMD"
	VendorID="Advanced Micro Devices"
	FamilyID="25"
	ModelID="33"
	ProcessorCacheSize="512"
	NumberOfLogicalCPU="32"
	NumberOfPhysicalCPU="16"
	TotalVirtualMemory="8192"
	TotalPhysicalMemory="32068"
	LogicalProcessorsPerPhysical="2"
	ProcessorClockFrequency="3400"
	>
	<Testing>
		<StartDateTime>May 16 12:34 -05</StartDateTime>
		<StartTestTime>1652722456</StartTestTime>
		<TestList>
			<Test>./str</Test>
			<Test>./true</Test>
		</TestList>
		<Test Status="failed">
			<Name>str</Name>
			<Path>.</Path>
			<FullName>./str</FullName>
			<FullCommandLine>/home/siel/dev/learncpp20/profc++/build/tests "str"</FullCommandLine>
			<Results>
				<NamedMeasurement type="text/string" name="Exit Code">
					<Value>SEGFAULT</Value>
				</NamedMeasurement>
				<NamedMeasurement type="text/string" name="Exit Value">
					<Value>0</Value>
				</NamedMeasurement>
				<NamedMeasurement type="numeric/double" name="Execution Time">
					<Value>0.00174722</Value>
				</NamedMeasurement>
				<NamedMeasurement type="numeric/double" name="Processors">
					<Value>1</Value>
				</NamedMeasurement>
				<NamedMeasurement type="text/string" name="Completion Status">
					<Value>Completed</Value>
				</NamedMeasurement>
				<NamedMeasurement type="text/string" name="Command Line">
					<Value>/home/siel/dev/learncpp20/profc++/build/tests "str"</Value>
				</NamedMeasurement>
				<Measurement>
					<Value encoding="base64" compression="gzip">eJytUsFqwzAMvesrdC9xUqe9BMYYW1sKOzWw6zC20hgc21hOehn79iXZbceRBxJCD4R4752ty5S4Qc4JbsqbMHhiRiYyZDCHBuvqUNdSyuMB4HtbQCbOjJZR4avKupc41aISVRETTZYe4oh94IwqRme1yjZ4AbfR48PmHotn7ELCEJc9AxTbAhZNtr5Z9mGgki250tBUOlLJ6xhlVcYUOr3blYsma/vsRq/FTDZyD2JbwH8fafD8cn0/vTVgRprzMTvXqawcUkqzFzp4Yxc7GkBsr5f2dPnAAlu6D+TzaiBONrjfie3dKwfwtC3WWKFWTHOw9/g1V6esIwOKmdKalj8E/ACKreGS====</Value>
				</Measurement>
			</Results>
		</Test>
		<Test Status="passed">
			<Name>true</Name>
			<Path>.</Path>
			<FullName>./true</FullName>
			<FullCommandLine>/home/siel/dev/learncpp20/profc++/build/tests "true"</FullCommandLine>
			<Results>
				<NamedMeasurement type="numeric/double" name="Execution Time">
					<Value>0.00149137</Value>
				</NamedMeasurement>
				<NamedMeasurement type="numeric/double" name="Processors">
					<Value>1</Value>
				</NamedMeasurement>
				<NamedMeasurement type="text/string" name="Completion Status">
					<Value>Completed</Value>
				</NamedMeasurement>
				<NamedMeasurement type="text/string" name="Command Line">
					<Value>/home/siel/dev/learncpp20/profc++/build/tests "true"</Value>
				</NamedMeasurement>
				<Measurement>
					<Value encoding="base64" compression="gzip">eJxzy8wpSS0qtlIoKSpN5QpKzEvJz81LLS5WKE5NTUlNUSjJt1IwMrA0M7E0tzAz5LKlLuByzMlRKEktLilWKEgsLgbap2GoAGIUlWTm5ylk5ikYgqUVkhOLUzW5uAAX2zGY====</Value>
				</Measurement>
			</Results>
		</Test>
		<EndDateTime>May 16 12:34 -05</EndDateTime>
		<EndTestTime>1652722456</EndTestTime>
		<ElapsedMinutes>0</ElapsedMinutes>
	</Testing>
</Site>
