Start testing: May 26 10:18 -05
----------------------------------------------------------
1/2 Testing: true
1/2 Test: true
Command: "/home/siel/dev/learncpp20/profc++/build/tests" "true"
Directory: /home/siel/dev/learncpp20/profc++/build
"true" start time: May 26 10:18 -05
Output:
----------------------------------------------------------
Filters: true
Randomness seeded to: 1897151598
===============================================================================
All tests passed (1 assertion in 1 test case)

<end of output>
Test time =   0.00 sec
----------------------------------------------------------
Test Passed.
"true" end time: May 26 10:18 -05
"true" time elapsed: 00:00:00
----------------------------------------------------------

2/2 Testing: matcher
2/2 Test: matcher
Command: "/home/siel/dev/learncpp20/profc++/build/tests" "matcher"
Directory: /home/siel/dev/learncpp20/profc++/build
"matcher" start time: May 26 10:18 -05
Output:
----------------------------------------------------------
Filters: matcher
Randomness seeded to: 367308665

~~~~~~~~~~~~~~~~~~~~~~~~~~~~~~~~~~~~~~~~~~~~~~~~~~~~~~~~~~~~~~~~~~~~~~~~~~~~~~~
tests is a Catch2 v3.0.0-preview.5 host application.
Run with -? for options

-------------------------------------------------------------------------------
matcher
-------------------------------------------------------------------------------
/home/siel/dev/learncpp20/profc++/test/test_func.cpp:27
...............................................................................

/home/siel/dev/learncpp20/profc++/test/test_func.cpp:27: FAILED:
due to a fatal error condition:
  SIGSEGV - Segmentation violation signal

===============================================================================
test cases: 1 | 1 failed
assertions: 1 | 1 failed

<end of output>
Test time =   0.00 sec
----------------------------------------------------------
Test Failed.
"matcher" end time: May 26 10:18 -05
"matcher" time elapsed: 00:00:00
----------------------------------------------------------

End testing: May 26 10:18 -05
