<?xml version="1.0" encoding="UTF-8"?>
<Site BuildName="Linux-g++-11"
	BuildStamp="20220526-1516-Experimental"
	Name="Siel"
	Generator="ctest-3.16.3"
	CompilerName="/usr/bin/g++-11"
	CompilerVersion="11.1.0"
	OSName="Linux"
	Hostname="Siel"
	OSRelease="5.10.16.3-microsoft-standard-WSL2"
	OSVersion="#1 SMP Fri Apr 2 22:23:49 UTC 2021"
	OSPlatform="x86_64"
	Is64Bits="1"
	VendorString="AuthenticAMD"
	VendorID="Advanced Micro Devices"
	FamilyID="25"
	ModelID="33"
	ProcessorCacheSize="512"
	NumberOfLogicalCPU="32"
	NumberOfPhysicalCPU="16"
	TotalVirtualMemory="8192"
	TotalPhysicalMemory="32068"
	LogicalProcessorsPerPhysical="2"
	ProcessorClockFrequency="3400"
	>
	<Testing>
		<StartDateTime>May 26 10:18 -05</StartDateTime>
		<StartTestTime>1653578333</StartTestTime>
		<TestList>
			<Test>./true</Test>
			<Test>./matcher</Test>
		</TestList>
		<Test Status="passed">
			<Name>true</Name>
			<Path>.</Path>
			<FullName>./true</FullName>
			<FullCommandLine>/home/siel/dev/learncpp20/profc++/build/tests "true"</FullCommandLine>
			<Results>
				<NamedMeasurement type="numeric/double" name="Execution Time">
					<Value>0.00187642</Value>
				</NamedMeasurement>
				<NamedMeasurement type="numeric/double" name="Processors">
					<Value>1</Value>
				</NamedMeasurement>
				<NamedMeasurement type="text/string" name="Completion Status">
					<Value>Completed</Value>
				</NamedMeasurement>
				<NamedMeasurement type="text/string" name="Command Line">
					<Value>/home/siel/dev/learncpp20/profc++/build/tests "true"</Value>
				</NamedMeasurement>
				<Measurement>
					<Value encoding="base64" compression="gzip">eJxzy8wpSS0qtlIoKSpN5QpKzEvJz81LLS5WKE5NTUlNUSjJt1IwtLA0NzQ1NLW04LKlLuByzMlRKEktLilWKEgsLgbap2GoAGIUlWTm5ylk5ikYgqUVkhOLUzW5uAAY5jGa====</Value>
				</Measurement>
			</Results>
		</Test>
		<Test Status="failed">
			<Name>matcher</Name>
			<Path>.</Path>
			<FullName>./matcher</FullName>
			<FullCommandLine>/home/siel/dev/learncpp20/profc++/build/tests "matcher"</FullCommandLine>
			<Results>
				<NamedMeasurement type="text/string" name="Exit Code">
					<Value>SEGFAULT</Value>
				</NamedMeasurement>
				<NamedMeasurement type="text/string" name="Exit Value">
					<Value>0</Value>
				</NamedMeasurement>
				<NamedMeasurement type="numeric/double" name="Execution Time">
					<Value>0.00186374</Value>
				</NamedMeasurement>
				<NamedMeasurement type="numeric/double" name="Processors">
					<Value>1</Value>
				</NamedMeasurement>
				<NamedMeasurement type="text/string" name="Completion Status">
					<Value>Completed</Value>
				</NamedMeasurement>
				<NamedMeasurement type="text/string" name="Command Line">
					<Value>/home/siel/dev/learncpp20/profc++/build/tests "matcher"</Value>
				</NamedMeasurement>
				<Measurement>
					<Value encoding="base64" compression="gzip">eJytUsFqwzAMvesrdC+Js4S2I1DG2NpS2KmBXYexlcbg2MZy0svYty/J2GXHkQcSQgLxeO+djE0UucZeJtVRhKt02veOmJGJNGlMvsZqt6+Kx91uC/C1LiARJ0bDKPFl5lDiWOVFXmQh0mjonm+x85xQhmCNksl4l8N1cHg3qcPsCVsf0Yd5zwDZuoBfWdb+Kzrfk2BDVmgahSUZnQqhLESIvlWbjZh1WdpHOziVT8e63EO+LuC/RGo8PV/ejq816IGmiEzutTJJixTj5IfyTpvZkhoQm8u5OZ7fMcOGbj25tJiIo/H2Z2Jzc9ICHNbFEi1UkmnK9wN+TtVKY0mDZKa4JObPAb4BVofklA==</Value>
				</Measurement>
			</Results>
		</Test>
		<EndDateTime>May 26 10:18 -05</EndDateTime>
		<EndTestTime>1653578333</EndTestTime>
		<ElapsedMinutes>0</ElapsedMinutes>
	</Testing>
</Site>
